<?xml version="1.0" encoding="UTF-8" ?>
<testsuite errors="1" failures="0" hostname="Dell-PC" name="test.com.bank.HelloWorldTest" skipped="0" tests="1" time="0.0" timestamp="2015-04-19T20:38:19">
  <properties>
    <property name="java.vendor" value="Oracle Corporation" />
    <property name="checkstyle.failure" value="Got 551 errors and 0 warnings." />
    <property name="sun.java.launcher" value="SUN_STANDARD" />
    <property name="install.home.dir" value="D:/Jenkins-Training/Installations" />
    <property name="eclipse.pdebuild.templates" value="/D:/eclipse-luna-win64/plugins/org.eclipse.pde.build_3.9.0.v20140415-2029/templates/" />
    <property name="sun.management.compiler" value="HotSpot 64-Bit Tiered Compilers" />
    <property name="checkstyle.home.dir" value="D:\Jenkins-Training\Installations\checkstyle-5.5" />
    <property name="os.name" value="Windows 7" />
    <property name="sun.boot.class.path" value="D:\Java64\jdk1.8.0_25\jre\lib\resources.jar;D:\Java64\jdk1.8.0_25\jre\lib\rt.jar;D:\Java64\jdk1.8.0_25\jre\lib\sunrsasign.jar;D:\Java64\jdk1.8.0_25\jre\lib\jsse.jar;D:\Java64\jdk1.8.0_25\jre\lib\jce.jar;D:\Java64\jdk1.8.0_25\jre\lib\charsets.jar;D:\Java64\jdk1.8.0_25\jre\lib\jfr.jar;D:\Java64\jdk1.8.0_25\jre\classes" />
    <property name="sun.desktop" value="windows" />
    <property name="java.vm.specification.vendor" value="Oracle Corporation" />
    <property name="net.sourceforge.cobertura.datafile" value="D:\Eclipse-Repositories\MyAccounts\build\reports\temp\cobertura.ser" />
    <property name="ant.home" value="D:\eclipse-luna-win64\plugins\org.apache.ant_1.9.2.v201404171502" />
    <property name="java.runtime.version" value="1.8.0_25-b18" />
    <property name="user.name" value="Dell" />
    <property name="reports" value="D:\Eclipse-Repositories\MyAccounts\build\reports" />
    <property name="edu.umd.cs.findbugs.FindBugs2.executeReturnCode.146d78d2-9da3-4679-93fa-28b4dcefc9d0" value="3" />
    <property name="build.dir" value="bin" />
    <property name="ant.file.Test_FindBugs" value="D:\Eclipse-Repositories\MyAccounts\build_test_analyse.xml" />
    <property name="user.language" value="en" />
    <property name="sun.boot.library.path" value="D:\Java64\jdk1.8.0_25\jre\bin" />
    <property name="ant.project.default-target" value="coberturaReport" />
    <property name="report.findbugs.dir" value="D:\Eclipse-Repositories\MyAccounts\build\reports\findbugs" />
    <property name="ant.project.name" value="Test_FindBugs" />
    <property name="java.version" value="1.8.0_25" />
    <property name="user.timezone" value="Asia/Calcutta" />
    <property name="sun.arch.data.model" value="64" />
    <property name="checkstyle.available" value="true" />
    <property name="java.endorsed.dirs" value="D:\Java64\jdk1.8.0_25\jre\lib\endorsed" />
    <property name="sun.cpu.isalist" value="amd64" />
    <property name="sun.jnu.encoding" value="Cp1252" />
    <property name="file.encoding.pkg" value="sun.io" />
    <property name="file.separator" value="\" />
    <property name="java.specification.name" value="Java Platform API Specification" />
    <property name="java.class.version" value="52.0" />
    <property name="pmd.home.dir" value="D:/Jenkins-Training/Installations/pmd-bin-5.1" />
    <property name="user.country" value="US" />
    <property name="java.home" value="D:\Java64\jdk1.8.0_25\jre" />
    <property name="java.vm.info" value="mixed mode" />
    <property name="ant.file" value="D:\Eclipse-Repositories\MyAccounts\build_test_analyse.xml" />
    <property name="os.version" value="6.1" />
    <property name="ant.file.type.Test_FindBugs" value="file" />
    <property name="htm.dir" value="D:\Eclipse-Repositories\MyAccounts\html" />
    <property name="path.separator" value=";" />
    <property name="java.vm.version" value="25.25-b02" />
    <property name="user.variant" value="" />
    <property name="ant.library.dir" value="D:\eclipse-luna-win64\plugins\org.apache.ant_1.9.2.v201404171502\lib" />
    <property name="java.awt.printerjob" value="sun.awt.windows.WPrinterJob" />
    <property name="sun.io.unicode.encoding" value="UnicodeLittle" />
    <property name="awt.toolkit" value="sun.awt.windows.WToolkit" />
    <property name="report.temp.dir" value="D:\Eclipse-Repositories\MyAccounts\build\reports\temp" />
    <property name="user.script" value="" />
    <property name="eclipse.pdebuild.scripts" value="/D:/eclipse-luna-win64/plugins/org.eclipse.pde.build_3.9.0.v20140415-2029/scripts/" />
    <property name="user.home" value="C:\Users\Dell" />
    <property name="java.specification.vendor" value="Oracle Corporation" />
    <property name="java.library.path" value="D:\Java64\jdk1.8.0_25\jre\bin;C:\Windows\Sun\Java\bin;C:\Windows\system32;C:\Windows;C:\Pythob2.7.9\;C:\Pythob2.7.9\Scripts;C:\ProgramData\Oracle\Java\javapath;C:\Windows\system32;C:\Windows;C:\Windows\System32\Wbem;C:\Windows\System32\WindowsPowerShell\v1.0\;C:\Program Files\Microsoft SQL Server\110\Tools\Binn\;C:\Program Files (x86)\Microsoft SDKs\TypeScript\1.0\;C:\Program Files\Microsoft SQL Server\120\Tools\Binn\;C:\Program Files\MySQL\MySQL Server 5.1\bin;C:\Program Files\nodejs\;C:\Program Files (x86)\Git\cmd;C:\Program Files (x86)\Subversion\bin;C:\Program Files\TortoiseSVN\bin;C:\Program Files (x86)\CVS Suite\CVSNT\;C:\Program Files\VisualSVN Server\bin;C:\Program Files\Java\jdk1.6.0_45\bin;D:\groovy-binary-2.1.6\groovy-2.1.6\bin;C:\Users\Dell\AppData\Roaming\npm;C:\Program Files (x86)\CVS Suite\CVSNT\;." />
    <property name="java.vendor.url" value="http://java.oracle.com/" />
    <property name="java.vm.vendor" value="Oracle Corporation" />
    <property name="java.runtime.name" value="Java(TM) SE Runtime Environment" />
    <property name="sun.java.command" value="org.apache.tools.ant.taskdefs.optional.junit.JUnitTestRunner test.com.bank.HelloWorldTest filtertrace=true haltOnError=false haltOnFailure=false formatter=org.apache.tools.ant.taskdefs.optional.junit.SummaryJUnitResultFormatter showoutput=false outputtoformatters=true logfailedtests=true logtestlistenerevents=false formatter=org.apache.tools.ant.taskdefs.optional.junit.PlainJUnitResultFormatter,D:\Eclipse-Repositories\MyAccounts\build\reports\temp\TEST-test.com.bank.HelloWorldTest.txt formatter=org.apache.tools.ant.taskdefs.optional.junit.XMLJUnitResultFormatter,D:\Eclipse-Repositories\MyAccounts\build\reports\temp\TEST-test.com.bank.HelloWorldTest.xml crashfile=D:\Eclipse-Repositories\MyAccounts\junitvmwatcher3668415354822249698.properties propsfile=D:\Eclipse-Repositories\MyAccounts\junit5342070792792171272.properties" />
    <property name="java.class.path" value="D:\Eclipse-Repositories\MyAccounts\instrumented;D:\Eclipse-Repositories\MyAccounts\bin;D:\Eclipse-Repositories\MyAccounts\lib\junit-4.2.jar;D:\Jenkins-Training\Installations\cobertura-1.9.4\cobertura.jar;D:\Jenkins-Training\Installations\cobertura-1.9.4\lib\asm-3.0.jar;D:\Jenkins-Training\Installations\cobertura-1.9.4\lib\asm-tree-3.0.jar;D:\Jenkins-Training\Installations\cobertura-1.9.4\lib\jakarta-oro-2.0.8.jar;D:\Jenkins-Training\Installations\cobertura-1.9.4\lib\log4j-1.2.9.jar;D:\eclipse-luna-win64\plugins\org.apache.ant_1.9.2.v201404171502\lib\ant-launcher.jar;D:\eclipse-luna-win64\plugins\org.apache.ant_1.9.2.v201404171502\lib\ant.jar;D:\eclipse-luna-win64\plugins\org.apache.ant_1.9.2.v201404171502\lib\ant-junit.jar;D:\eclipse-luna-win64\plugins\org.apache.ant_1.9.2.v201404171502\lib\ant-junit4.jar" />
    <property name="ant.version" value="Apache Ant(TM) version 1.9.2 compiled on July 8 2013" />
    <property name="report.junit.dir" value="D:\Eclipse-Repositories\MyAccounts\build\reports\junit" />
    <property name="app.name" value="test" />
    <property name="java.vm.specification.name" value="Java Virtual Machine Specification" />
    <property name="java.vm.specification.version" value="1.8" />
    <property name="sun.cpu.endian" value="little" />
    <property name="sun.os.patch.level" value="Service Pack 1" />
    <property name="eclipse.pdebuild.home" value="/D:/eclipse-luna-win64/plugins/org.eclipse.pde.build_3.9.0.v20140415-2029/./" />
    <property name="java.io.tmpdir" value="C:\Users\Dell\AppData\Local\Temp\" />
    <property name="java.vendor.url.bug" value="http://bugreport.sun.com/bugreport/" />
    <property name="instrumented.dir" value="D:\Eclipse-Repositories\MyAccounts\instrumented" />
    <property name="os.arch" value="amd64" />
    <property name="java.awt.graphicsenv" value="sun.awt.Win32GraphicsEnvironment" />
    <property name="findbugs.home.dir" value="D:/Jenkins-Training/Installations/findbugs-3.0" />
    <property name="cobertura.ser.file" value="D:\Eclipse-Repositories\MyAccounts\build\reports\temp\cobertura.ser" />
    <property name="java.ext.dirs" value="D:\Java64\jdk1.8.0_25\jre\lib\ext;C:\Windows\Sun\Java\lib\ext" />
    <property name="user.dir" value="D:\Eclipse-Repositories\MyAccounts" />
    <property name="line.separator" value="&#xd;&#xa;" />
    <property name="java.vm.name" value="Java HotSpot(TM) 64-Bit Server VM" />
    <property name="cobertura.home.dir" value="D:/Jenkins-Training/Installations/cobertura-1.9.4" />
    <property name="basedir" value="D:\Eclipse-Repositories\MyAccounts" />
    <property name="report.pmd.dir" value="D:\Eclipse-Repositories\MyAccounts\build\reports\pmd" />
    <property name="ant.java.version" value="1.8" />
    <property name="report.cobertura.dir" value="D:\Eclipse-Repositories\MyAccounts\build\reports\cobertura" />
    <property name="ant.core.lib" value="D:\eclipse-luna-win64\plugins\org.apache.ant_1.9.2.v201404171502\lib\ant.jar" />
    <property name="file.encoding" value="Cp1252" />
    <property name="source.dir" value="src" />
    <property name="report.checkstyle.dir" value="D:\Eclipse-Repositories\MyAccounts\build\reports\checkstyle" />
    <property name="java.specification.version" value="1.8" />
    <property name="ant.project.invoked-targets" value="coberturaReport" />
    <property name="findbugs.available" value="true" />
  </properties>
  <error message="Expecting a stackmap frame at branch target 88&#xa;Exception Details:&#xa;  Location:&#xa;    test/com/bank/HelloWorldTest.testSayHello()V @41: ifne&#xa;  Reason:&#xa;    Expected stackmap frame at this location.&#xa;  Bytecode:&#xa;    0x0000000: 033c 11ff ff3d 120d 1100 21b8 0013 bb00&#xa;    0x0000010: 3b59 b700 3d4e 120d 1100 22b8 0013 b200&#xa;    0x0000020: 3f11 0022 3c11 0000 3d9a 002f 120d 1b1c&#xa;    0x0000030: 04b8 0043 11ff ff3d 2d11 0022 3c11 0001&#xa;    0x0000040: 3dc7 0017 120d 1b1c 04b8 0043 11ff ff3d&#xa;    0x0000050: bb00 4559 b700 46bf 1c9b 000f 120d 1b1c&#xa;    0x0000060: 03b8 0043 11ff ff3d 120d 1100 23b8 0013&#xa;    0x0000070: 1248 2db6 004c b800 5012 0d11 0024 b800&#xa;    0x0000080: 13b1                                   &#xa;  Stackmap Table:&#xa;    append_frame(@112,Object[#59])&#xa;" type="java.lang.VerifyError">java.lang.VerifyError: Expecting a stackmap frame at branch target 88
Exception Details:
  Location:
    test/com/bank/HelloWorldTest.testSayHello()V @41: ifne
  Reason:
    Expected stackmap frame at this location.
  Bytecode:
    0x0000000: 033c 11ff ff3d 120d 1100 21b8 0013 bb00
    0x0000010: 3b59 b700 3d4e 120d 1100 22b8 0013 b200
    0x0000020: 3f11 0022 3c11 0000 3d9a 002f 120d 1b1c
    0x0000030: 04b8 0043 11ff ff3d 2d11 0022 3c11 0001
    0x0000040: 3dc7 0017 120d 1b1c 04b8 0043 11ff ff3d
    0x0000050: bb00 4559 b700 46bf 1c9b 000f 120d 1b1c
    0x0000060: 03b8 0043 11ff ff3d 120d 1100 23b8 0013
    0x0000070: 1248 2db6 004c b800 5012 0d11 0024 b800
    0x0000080: 13b1                                   
  Stackmap Table:
    append_frame(@112,Object[#59])

	at java.lang.Class.forName0(Native Method)
	at java.lang.Class.forName(Class.java:260)
</error>
  <system-out><![CDATA[]]></system-out>
  <system-err><![CDATA[]]></system-err>
</testsuite>
